OpenSTA 2.7.0 fa0cdd6529 Copyright (c) 2025, Parallax Software, Inc.
License GPLv3: GNU GPL version 3 <http://gnu.org/licenses/gpl.html>

This is free software, and you are free to change and redistribute it
under certain conditions; type `show_copying' for details. 
This program comes with ABSOLUTELY NO WARRANTY; for details type `show_warranty'.
Warning: sta_run.tcl line 1, set_input_delay relative to a clock defined on the same port/pin not allowed.
Warning: sta_run.tcl line 1, unknown field nets.
Startpoint: _982_ (rising edge-triggered flip-flop clocked by clk)
Endpoint: _965_ (rising edge-triggered flip-flop clocked by clk)
Path Group: clk
Path Type: max

Fanout     Cap    Slew   Delay    Time   Description
-----------------------------------------------------------------------------
                  0.00    0.00    0.00   clock clk (rise edge)
                          0.00    0.00   clock network delay (ideal)
                  0.00    0.00    0.00 ^ _982_/CLK (sky130_fd_sc_hd__dfxtp_1)
     3    0.00    0.03    0.28    0.28 v _982_/Q (sky130_fd_sc_hd__dfxtp_1)
                  0.03    0.00    0.28 v _580_/B (sky130_fd_sc_hd__and2_0)
     3    0.01    0.09    0.18    0.46 v _580_/X (sky130_fd_sc_hd__and2_0)
                  0.09    0.00    0.46 v _582_/C (sky130_fd_sc_hd__maj3_1)
     2    0.01    0.09    0.39    0.85 v _582_/X (sky130_fd_sc_hd__maj3_1)
                  0.09    0.00    0.85 v _584_/C (sky130_fd_sc_hd__maj3_1)
     2    0.01    0.09    0.39    1.25 v _584_/X (sky130_fd_sc_hd__maj3_1)
                  0.09    0.00    1.25 v _586_/C (sky130_fd_sc_hd__maj3_1)
     2    0.01    0.09    0.39    1.64 v _586_/X (sky130_fd_sc_hd__maj3_1)
                  0.09    0.00    1.64 v _588_/C (sky130_fd_sc_hd__maj3_1)
     2    0.01    0.09    0.39    2.03 v _588_/X (sky130_fd_sc_hd__maj3_1)
                  0.09    0.00    2.03 v _590_/C (sky130_fd_sc_hd__maj3_1)
     2    0.01    0.09    0.39    2.42 v _590_/X (sky130_fd_sc_hd__maj3_1)
                  0.09    0.00    2.42 v _591_/C (sky130_fd_sc_hd__maj3_1)
     2    0.01    0.09    0.39    2.82 v _591_/X (sky130_fd_sc_hd__maj3_1)
                  0.09    0.00    2.82 v _592_/C (sky130_fd_sc_hd__maj3_1)
     3    0.01    0.09    0.39    3.21 v _592_/X (sky130_fd_sc_hd__maj3_1)
                  0.09    0.00    3.21 v _596_/C (sky130_fd_sc_hd__maj3_1)
     2    0.01    0.09    0.39    3.60 v _596_/X (sky130_fd_sc_hd__maj3_1)
                  0.09    0.00    3.60 v _600_/C (sky130_fd_sc_hd__maj3_1)
     3    0.01    0.09    0.39    3.99 v _600_/X (sky130_fd_sc_hd__maj3_1)
                  0.09    0.00    3.99 v _604_/C (sky130_fd_sc_hd__maj3_1)
     2    0.01    0.09    0.39    4.38 v _604_/X (sky130_fd_sc_hd__maj3_1)
                  0.09    0.00    4.38 v _608_/C (sky130_fd_sc_hd__maj3_1)
     3    0.01    0.09    0.39    4.77 v _608_/X (sky130_fd_sc_hd__maj3_1)
                  0.09    0.00    4.77 v _612_/C (sky130_fd_sc_hd__maj3_1)
     3    0.01    0.09    0.39    5.16 v _612_/X (sky130_fd_sc_hd__maj3_1)
                  0.09    0.00    5.16 v _616_/C (sky130_fd_sc_hd__maj3_1)
     3    0.01    0.09    0.39    5.55 v _616_/X (sky130_fd_sc_hd__maj3_1)
                  0.09    0.00    5.55 v _620_/C (sky130_fd_sc_hd__maj3_1)
     1    0.00    0.08    0.37    5.92 v _620_/X (sky130_fd_sc_hd__maj3_1)
                  0.08    0.00    5.92 v _622_/A (sky130_fd_sc_hd__xnor2_1)
     1    0.00    0.11    0.15    6.07 ^ _622_/Y (sky130_fd_sc_hd__xnor2_1)
                  0.11    0.00    6.07 ^ _623_/B (sky130_fd_sc_hd__nor2_1)
     1    0.00    0.03    0.04    6.11 v _623_/Y (sky130_fd_sc_hd__nor2_1)
                  0.03    0.00    6.11 v _965_/D (sky130_fd_sc_hd__dfxtp_1)
                                  6.11   data arrival time

                  0.00   10.00   10.00   clock clk (rise edge)
                          0.00   10.00   clock network delay (ideal)
                          0.00   10.00   clock reconvergence pessimism
                                 10.00 ^ _965_/CLK (sky130_fd_sc_hd__dfxtp_1)
                         -0.11    9.89   library setup time
                                  9.89   data required time
-----------------------------------------------------------------------------
                                  9.89   data required time
                                 -6.11   data arrival time
-----------------------------------------------------------------------------
                                  3.77   slack (MET)


wns max 0.00
tns max 0.00
Warning: sta_run.tcl line 1, unknown field nets.
Startpoint: _982_ (rising edge-triggered flip-flop clocked by clk)
Endpoint: _982_ (rising edge-triggered flip-flop clocked by clk)
Path Group: clk
Path Type: min

Fanout     Cap    Slew   Delay    Time   Description
-----------------------------------------------------------------------------
                  0.00    0.00    0.00   clock clk (rise edge)
                          0.00    0.00   clock network delay (ideal)
                  0.00    0.00    0.00 ^ _982_/CLK (sky130_fd_sc_hd__dfxtp_1)
     3    0.00    0.03    0.28    0.28 v _982_/Q (sky130_fd_sc_hd__dfxtp_1)
                  0.03    0.00    0.28 v _941_/B (sky130_fd_sc_hd__nor2_1)
     1    0.00    0.07    0.07    0.35 ^ _941_/Y (sky130_fd_sc_hd__nor2_1)
                  0.07    0.00    0.35 ^ _942_/C (sky130_fd_sc_hd__nor3_1)
     1    0.00    0.03    0.04    0.39 v _942_/Y (sky130_fd_sc_hd__nor3_1)
                  0.03    0.00    0.39 v _982_/D (sky130_fd_sc_hd__dfxtp_1)
                                  0.39   data arrival time

                  0.00    0.00    0.00   clock clk (rise edge)
                          0.00    0.00   clock network delay (ideal)
                          0.00    0.00   clock reconvergence pessimism
                                  0.00 ^ _982_/CLK (sky130_fd_sc_hd__dfxtp_1)
                         -0.06   -0.06   library hold time
                                 -0.06   data required time
-----------------------------------------------------------------------------
                                 -0.06   data required time
                                 -0.39   data arrival time
-----------------------------------------------------------------------------
                                  0.45   slack (MET)


[?2004h% exit
[?2004l